<?xml version="1.0" encoding="UTF-8"?>
<!-- Generated by org.testng.reporters.JUnitReportReporter -->
<testsuite skipped="0" hostname="INHYDDBBANOTH" name="SeleniumPractice.ClickAmazon_MultipleWindows" tests="1" failures="0" timestamp="19 Aug 2018 11:49:03 GMT" time="45.194" errors="0">
  <testcase name="closeAmazon" time="45.194" classname="SeleniumPractice.ClickAmazon_MultipleWindows"/>
</testsuite> <!-- SeleniumPractice.ClickAmazon_MultipleWindows -->
