<?xml version="1.0" encoding="UTF-8"?>
<!-- Generated by org.testng.reporters.JUnitReportReporter -->
<testsuite skipped="0" hostname="INHYDDBBANOTH" name="SeleniumPractice.Handlemultiplewindows" tests="1" failures="0" timestamp="19 Aug 2018 11:29:09 GMT" time="45.987" errors="0">
  <testcase name="getnaukri" time="45.987" classname="SeleniumPractice.Handlemultiplewindows"/>
</testsuite> <!-- SeleniumPractice.Handlemultiplewindows -->
