<?xml version="1.0" encoding="UTF-8"?>
<!-- Generated by org.testng.reporters.JUnitReportReporter -->
<testsuite skipped="0" hostname="INHYDDBBANOTH" name="SeleniumPractice.TestBase" tests="2" failures="0" timestamp="19 Aug 2018 08:49:44 GMT" time="0.007" errors="0">
  <testcase name="login" time="0.006" classname="SeleniumPractice.TestBase"/>
  <testcase name="launch" time="0.001" classname="SeleniumPractice.TestBase"/>
</testsuite> <!-- SeleniumPractice.TestBase -->
