<?xml version="1.0" encoding="UTF-8"?>
<!-- Generated by org.testng.reporters.JUnitReportReporter -->
<testsuite skipped="0" hostname="INHYDDBBANOTH" name="com.Mainjava.TestBase" tests="1" failures="0" timestamp="17 Jul 2018 13:34:40 GMT" time="25.931" errors="0">
  <testcase name="initialize" time="25.931" classname="com.Mainjava.TestBase"/>
</testsuite> <!-- com.Mainjava.TestBase -->
