<?xml version="1.0" encoding="UTF-8"?>
<!-- Generated by org.testng.reporters.JUnitReportReporter -->
<testsuite skipped="0" hostname="INHYDDBBANOTH" name="Com.qa.transfora.Tests.SimpleDataprovider" tests="2" failures="0" timestamp="27 Jun 2018 09:56:29 GMT" time="11.047" errors="0">
  <testcase name="loginTest" time="1.221" classname="Com.qa.transfora.Tests.SimpleDataprovider"/>
  <testcase name="loginTest" time="9.826" classname="Com.qa.transfora.Tests.SimpleDataprovider"/>
</testsuite> <!-- Com.qa.transfora.Tests.SimpleDataprovider -->
