<?xml version="1.0" encoding="UTF-8"?>
<!-- Generated by org.testng.reporters.JUnitReportReporter -->
<testsuite skipped="0" hostname="INHYDDBBANOTH" name="BasicEx.LaunchFF" tests="3" failures="0" timestamp="25 Jun 2018 07:18:30 GMT" time="13.592" errors="0">
  <testcase name="Checktitle" time="13.170" classname="BasicEx.LaunchFF"/>
  <testcase name="screenshot" time="0.063" classname="BasicEx.LaunchFF"/>
  <testcase name="clickonbootstrapdrop" time="0.359" classname="BasicEx.LaunchFF"/>
</testsuite> <!-- BasicEx.LaunchFF -->
